<?xml version="1.0" encoding="UTF-8"?>
<!-- Generated by org.testng.reporters.JUnitXMLReporter -->
<testsuite ignored="0" hostname="LAPTOP-3J98GVID" failures="0" tests="3" name="Default test" time="1.729" errors="0" timestamp="2022-05-31T16:10:28 IST">
  <testcase classname="com.example.onlineApiTest.CrudOnlineApi" name="addValues" time="0.958"/>
  <testcase classname="com.example.onlineApiTest.CrudOnlineApi" name="updateValues" time="0.258"/>
  <testcase classname="com.example.onlineApiTest.CrudOnlineApi" name="getValues" time="0.253"/>
</testsuite> <!-- Default test -->
