<?xml version="1.0" encoding="UTF-8"?>
<!-- Generated by org.testng.reporters.JUnitXMLReporter -->
<testsuite ignored="0" hostname="LAPTOP-3J98GVID" failures="1" tests="4" name="Default test" time="2.659" errors="0" timestamp="2022-05-26T13:03:15 IST">
  <testcase classname="com.example.onlineApiTest.TestNg" name="addEmployee" time="0.912"/>
  <testcase classname="com.example.onlineApiTest.TestNg" name="updateEmployee" time="0.686"/>
  <testcase classname="com.example.onlineApiTest.TestNg" name="getEmployee" time="0.711">
    <failure type="org.springframework.web.client.HttpClientErrorException$TooManyRequests" message="429 Too Many Requests: &amp;quot;&amp;lt;!DOCTYPE html&amp;gt;&amp;lt;EOL&amp;gt;&amp;lt;html lang=&amp;quot;en&amp;quot;&amp;gt;&amp;lt;EOL&amp;gt;    &amp;lt;head&amp;gt;&amp;lt;EOL&amp;gt;        &amp;lt;meta charset=&amp;quot;utf-8&amp;quot;&amp;gt;&amp;lt;EOL&amp;gt;        &amp;lt;meta name=&amp;quot;viewport&amp;quot; content=&amp;quot;width=device-width, initial-scale=1&amp;quot;&amp;gt;&amp;lt;EOL&amp;gt;&amp;lt;EOL&amp;gt;        &amp;lt;title&amp;gt;Too Many Requests&amp;lt;/title&amp;gt;&amp;lt;EOL&amp;gt;&amp;lt;EOL&amp;gt;        &amp;lt;!-- Fonts --&amp;gt;&amp;lt;EOL&amp;gt;        &amp;lt;link rel=&amp;quot;dns-prefetch&amp;quot; href=&amp;quot;//fonts.gstatic.com&amp;quot;&amp;gt;&amp;lt;EOL&amp;gt;        &amp;lt;link href=&amp;quot;https://fonts.googleapis.com/css?family=Nunito&amp;quot; rel=&amp;quot;stylesheet&amp;quot;&amp;gt;&amp;lt;EOL&amp;gt;&amp;lt;EOL&amp;gt;        &amp;lt;!-- Styles --&amp;gt;&amp;lt;EOL&amp;gt;        &amp;lt;style&amp;gt;&amp;lt;EOL&amp;gt;            html, body {&amp;lt;EOL&amp;gt;                background-color: #fff;&amp;lt;EOL&amp;gt;                color: #636b6f;&amp;lt;EOL&amp;gt;                font-family: &amp;apos;Nunito&amp;apos;, sans-serif;&amp;lt;EOL&amp;gt;                font-weight: 100;&amp;lt;EOL&amp;gt;                height: 100vh;&amp;lt;EOL&amp;gt;                margin: 0;&amp;lt;EOL&amp;gt;            }&amp;lt;EOL&amp;gt;&amp;lt;EOL&amp;gt;            .full-height {&amp;lt;EOL&amp;gt;                height: 100vh;&amp;lt;EOL&amp;gt;            }&amp;lt;EOL&amp;gt;&amp;lt;EOL&amp;gt;            .flex-center {&amp;lt;EOL&amp;gt;                align-items: center;&amp;lt;EOL&amp;gt;                display: flex;&amp;lt;EOL&amp;gt;                justify-content: center;&amp;lt;EOL&amp;gt;            }&amp;lt;EOL&amp;gt;&amp;lt;EOL&amp;gt;            .position-ref {&amp;lt;EOL&amp;gt;                position: relative;&amp;lt;EOL&amp;gt;            }&amp;lt;EOL&amp;gt;&amp;lt;EOL&amp;gt;            .code {&amp;lt;EOL&amp;gt;                border-right: 2px solid;&amp;lt;EOL&amp;gt;                font-size: 26px;&amp;lt;EOL&amp;gt;                padding: 0 15px 0 15px;&amp;lt;EOL&amp;gt;                text-align: center;&amp;lt;EOL&amp;gt;            }&amp;lt;EOL&amp;gt;&amp;lt;EOL&amp;gt;            .message {&amp;lt;EOL&amp;gt;                font-size: 18px;&amp;lt;EOL&amp;gt;                text-align: center;&amp;lt;EOL&amp;gt;            }&amp;lt;EOL&amp;gt;        &amp;lt;/style&amp;gt;&amp;lt;EOL&amp;gt;    &amp;lt;/head&amp;gt;&amp;lt;EOL&amp;gt;    &amp;lt;body&amp;gt;&amp;lt;EOL&amp;gt;        &amp;lt;div class=&amp;quot;flex-center position-ref full-height&amp;quot;&amp;gt;&amp;lt;EOL&amp;gt;            &amp;lt;div class=&amp;quot;code&amp;quot;&amp;gt;&amp;lt;EOL&amp;gt;                429            &amp;lt;/div&amp;gt;&amp;lt;EOL&amp;gt;&amp;lt;EOL&amp;gt;            &amp;lt;div class=&amp;quot;message&amp;quot; style=&amp;quot;padding: 10px;&amp;quot;&amp;gt;&amp;lt;EOL&amp;gt;                Too Many Requests            &amp;lt;/div&amp;gt;&amp;lt;EOL&amp;gt;        &amp;lt;/div&amp;gt;&amp;lt;EOL&amp;gt;    &amp;lt;/body&amp;gt;&amp;lt;EOL&amp;gt;&amp;lt;/html&amp;gt;&amp;lt;EOL&amp;gt;&amp;quot;">
      <![CDATA[org.springframework.web.client.HttpClientErrorException$TooManyRequests: 429 Too Many Requests: "<!DOCTYPE html><EOL><html lang="en"><EOL>    <head><EOL>        <meta charset="utf-8"><EOL>        <meta name="viewport" content="width=device-width, initial-scale=1"><EOL><EOL>        <title>Too Many Requests</title><EOL><EOL>        <!-- Fonts --><EOL>        <link rel="dns-prefetch" href="//fonts.gstatic.com"><EOL>        <link href="https://fonts.googleapis.com/css?family=Nunito" rel="stylesheet"><EOL><EOL>        <!-- Styles --><EOL>        <style><EOL>            html, body {<EOL>                background-color: #fff;<EOL>                color: #636b6f;<EOL>                font-family: 'Nunito', sans-serif;<EOL>                font-weight: 100;<EOL>                height: 100vh;<EOL>                margin: 0;<EOL>            }<EOL><EOL>            .full-height {<EOL>                height: 100vh;<EOL>            }<EOL><EOL>            .flex-center {<EOL>                align-items: center;<EOL>                display: flex;<EOL>                justify-content: center;<EOL>            }<EOL><EOL>            .position-ref {<EOL>                position: relative;<EOL>            }<EOL><EOL>            .code {<EOL>                border-right: 2px solid;<EOL>                font-size: 26px;<EOL>                padding: 0 15px 0 15px;<EOL>                text-align: center;<EOL>            }<EOL><EOL>            .message {<EOL>                font-size: 18px;<EOL>                text-align: center;<EOL>            }<EOL>        </style><EOL>    </head><EOL>    <body><EOL>        <div class="flex-center position-ref full-height"><EOL>            <div class="code"><EOL>                429            </div><EOL><EOL>            <div class="message" style="padding: 10px;"><EOL>                Too Many Requests            </div><EOL>        </div><EOL>    </body><EOL></html><EOL>"
at org.springframework.web.client.HttpClientErrorException.create(HttpClientErrorException.java:137)
at org.springframework.web.client.DefaultResponseErrorHandler.handleError(DefaultResponseErrorHandler.java:168)
at org.springframework.web.client.DefaultResponseErrorHandler.handleError(DefaultResponseErrorHandler.java:122)
at org.springframework.web.client.ResponseErrorHandler.handleError(ResponseErrorHandler.java:63)
at org.springframework.web.client.RestTemplate.handleResponse(RestTemplate.java:819)
at org.springframework.web.client.RestTemplate.doExecute(RestTemplate.java:777)
at org.springframework.web.client.RestTemplate.execute(RestTemplate.java:711)
at org.springframework.web.client.RestTemplate.getForEntity(RestTemplate.java:361)
at com.example.onlineApiTest.TestNg.getEmployee(TestNg.java:136)
at java.base/jdk.internal.reflect.NativeMethodAccessorImpl.invoke0(Native Method)
at java.base/jdk.internal.reflect.NativeMethodAccessorImpl.invoke(NativeMethodAccessorImpl.java:77)
at java.base/jdk.internal.reflect.DelegatingMethodAccessorImpl.invoke(DelegatingMethodAccessorImpl.java:43)
at java.base/java.lang.reflect.Method.invoke(Method.java:568)
at org.testng.internal.MethodInvocationHelper.invokeMethod(MethodInvocationHelper.java:133)
at org.testng.internal.TestInvoker.invokeMethod(TestInvoker.java:598)
at org.testng.internal.TestInvoker.invokeTestMethod(TestInvoker.java:173)
at org.testng.internal.MethodRunner.runInSequence(MethodRunner.java:46)
at org.testng.internal.TestInvoker$MethodInvocationAgent.invoke(TestInvoker.java:824)
at org.testng.internal.TestInvoker.invokeTestMethods(TestInvoker.java:146)
at org.testng.internal.TestMethodWorker.invokeTestMethods(TestMethodWorker.java:146)
at org.testng.internal.TestMethodWorker.run(TestMethodWorker.java:128)
at java.base/java.util.ArrayList.forEach(ArrayList.java:1511)
at org.testng.TestRunner.privateRun(TestRunner.java:794)
at org.testng.TestRunner.run(TestRunner.java:596)
at org.testng.SuiteRunner.runTest(SuiteRunner.java:377)
at org.testng.SuiteRunner.runSequentially(SuiteRunner.java:371)
at org.testng.SuiteRunner.privateRun(SuiteRunner.java:332)
at org.testng.SuiteRunner.run(SuiteRunner.java:276)
at org.testng.SuiteRunnerWorker.runSuite(SuiteRunnerWorker.java:53)
at org.testng.SuiteRunnerWorker.run(SuiteRunnerWorker.java:96)
at org.testng.TestNG.runSuitesSequentially(TestNG.java:1212)
at org.testng.TestNG.runSuitesLocally(TestNG.java:1134)
at org.testng.TestNG.runSuites(TestNG.java:1063)
at org.testng.TestNG.run(TestNG.java:1031)
at org.testng.remote.AbstractRemoteTestNG.run(AbstractRemoteTestNG.java:115)
at org.testng.remote.RemoteTestNG.initAndRun(RemoteTestNG.java:251)
at org.testng.remote.RemoteTestNG.main(RemoteTestNG.java:77)
]]>
    </failure>
  </testcase> <!-- getEmployee -->
  <testcase classname="com.example.onlineApiTest.TestNg" name="deleteEmployee" time="0.0">
    <skipped/>
  </testcase> <!-- deleteEmployee -->
</testsuite> <!-- Default test -->
