<?xml version="1.0" encoding="UTF-8"?>
<testng-results ignored="0" total="1" passed="1" failed="0" skipped="0">
  <reporter-output>
  </reporter-output>
  <suite started-at="2022-06-06T10:47:06 IST" name="Default suite" finished-at="2022-06-06T10:47:37 IST" duration-ms="30984">
    <groups>
    </groups>
    <test started-at="2022-06-06T10:47:06 IST" name="Default test" finished-at="2022-06-06T10:47:37 IST" duration-ms="30984">
      <class name="com.example.embeddedmongo.MongoDbIntergration">
        <test-method is-config="true" signature="setup()[pri:0, instance:com.example.embeddedmongo.MongoDbIntergration@67f639d3]" started-at="2022-06-06T10:47:06 IST" name="setup" finished-at="2022-06-06T10:47:36 IST" duration-ms="30622" status="PASS">
          <reporter-output>
          </reporter-output>
        </test-method> <!-- setup -->
        <test-method signature="test()[pri:0, instance:com.example.embeddedmongo.MongoDbIntergration@67f639d3]" started-at="2022-06-06T10:47:36 IST" name="test" finished-at="2022-06-06T10:47:37 IST" duration-ms="186" status="PASS">
          <reporter-output>
          </reporter-output>
        </test-method> <!-- test -->
        <test-method is-config="true" signature="clean()[pri:0, instance:com.example.embeddedmongo.MongoDbIntergration@67f639d3]" started-at="2022-06-06T10:47:37 IST" name="clean" finished-at="2022-06-06T10:47:37 IST" duration-ms="154" status="PASS">
          <reporter-output>
          </reporter-output>
        </test-method> <!-- clean -->
      </class> <!-- com.example.embeddedmongo.MongoDbIntergration -->
    </test> <!-- Default test -->
  </suite> <!-- Default suite -->
</testng-results>
